<?xml version="1.0" encoding="UTF-8"?>
<!-- Generated by org.testng.reporters.JUnitReportReporter -->
<testsuite hostname="DESKTOP-OUMFU5K" failures="0" tests="1" name="com.banking.steller.Fundotpverifications" time="1.024" errors="0" timestamp="2023-05-30T11:05:20 IST" skipped="0">
  <testcase classname="com.banking.steller.Fundotpverifications" name="fundotpverify" time="1.024"/>
  <system-out/>
</testsuite> <!-- com.banking.steller.Fundotpverifications -->
